Using pre-set license
Built from '2021.2/staging' branch; Version is '2021.2.5f1 (4ec9a5e799f5) revision 5163429'; Using compiler version '192829333'; Build Type 'Release'
OS: 'Windows 10  (10.0.19042) 64bit Core' Language: 'en' Physical Memory: 16240 MB
BatchMode: 1, IsHumanControllingUs: 0, StartBugReporterOnCrash: 0, Is64bit: 1, IsPro: 0

COMMAND LINE ARGUMENTS:
C:\Program Files\Unity\Hub\Editor\2021.2.5f1\Editor\Unity.exe
-adb2
-batchMode
-noUpm
-name
AssetImportWorker0
-projectPath
C:/Users/nilss/Source/Repos/UmbrellaMan/UmbrellaMan
-logFile
Logs/AssetImportWorker0.log
-srvPort
55493
Successfully changed project path to: C:/Users/nilss/Source/Repos/UmbrellaMan/UmbrellaMan
C:/Users/nilss/Source/Repos/UmbrellaMan/UmbrellaMan
[UnityMemory] Configuration Parameters - Can be set up in boot.config
    "memorysetup-bucket-allocator-granularity=16"
    "memorysetup-bucket-allocator-bucket-count=8"
    "memorysetup-bucket-allocator-block-size=33554432"
    "memorysetup-bucket-allocator-block-count=8"
    "memorysetup-main-allocator-block-size=16777216"
    "memorysetup-thread-allocator-block-size=16777216"
    "memorysetup-gfx-main-allocator-block-size=16777216"
    "memorysetup-gfx-thread-allocator-block-size=16777216"
    "memorysetup-cache-allocator-block-size=4194304"
    "memorysetup-typetree-allocator-block-size=2097152"
    "memorysetup-profiler-bucket-allocator-granularity=16"
    "memorysetup-profiler-bucket-allocator-bucket-count=8"
    "memorysetup-profiler-bucket-allocator-block-size=33554432"
    "memorysetup-profiler-bucket-allocator-block-count=8"
    "memorysetup-profiler-allocator-block-size=16777216"
    "memorysetup-profiler-editor-allocator-block-size=1048576"
    "memorysetup-temp-allocator-size-main=16777216"
    "memorysetup-job-temp-allocator-block-size=2097152"
    "memorysetup-job-temp-allocator-block-size-background=1048576"
    "memorysetup-job-temp-allocator-reduction-small-platforms=262144"
    "memorysetup-temp-allocator-size-background-worker=32768"
    "memorysetup-temp-allocator-size-job-worker=262144"
    "memorysetup-temp-allocator-size-preload-manager=33554432"
    "memorysetup-temp-allocator-size-nav-mesh-worker=65536"
    "memorysetup-temp-allocator-size-audio-worker=65536"
    "memorysetup-temp-allocator-size-cloud-worker=32768"
    "memorysetup-temp-allocator-size-gi-baking-worker=262144"
    "memorysetup-temp-allocator-size-gfx=262144"
Refreshing native plugins compatible for Editor in 115.63 ms, found 3 plugins.
Preloading 0 native plugins for Editor in 0.00 ms.
Initialize engine version: 2021.2.5f1 (4ec9a5e799f5)
[Subsystems] Discovering subsystems at path C:/Program Files/Unity/Hub/Editor/2021.2.5f1/Editor/Data/Resources/UnitySubsystems
[Subsystems] Discovering subsystems at path C:/Users/nilss/Source/Repos/UmbrellaMan/UmbrellaMan/Assets
GfxDevice: creating device client; threaded=0; jobified=0
Direct3D:
    Version:  Direct3D 11.0 [level 11.1]
    Renderer: NVIDIA GeForce GTX 1050 (ID=0x1c8d)
    Vendor:   NVIDIA
    VRAM:     1979 MB
    Driver:   27.21.14.6109
Initialize mono
Mono path[0] = 'C:/Program Files/Unity/Hub/Editor/2021.2.5f1/Editor/Data/Managed'
Mono path[1] = 'C:/Program Files/Unity/Hub/Editor/2021.2.5f1/Editor/Data/MonoBleedingEdge/lib/mono/unityjit-win32'
Mono config path = 'C:/Program Files/Unity/Hub/Editor/2021.2.5f1/Editor/Data/MonoBleedingEdge/etc'
Using monoOptions --debugger-agent=transport=dt_socket,embedding=1,server=y,suspend=n,address=127.0.0.1:56788
Begin MonoManager ReloadAssembly
Registering precompiled unity dll's ...
Register platform support module: C:/Program Files/Unity/Hub/Editor/2021.2.5f1/Editor/Data/PlaybackEngines/WebGLSupport/UnityEditor.WebGL.Extensions.dll
Register platform support module: C:/Program Files/Unity/Hub/Editor/2021.2.5f1/Editor/Data/PlaybackEngines/WindowsStandaloneSupport/UnityEditor.WindowsStandalone.Extensions.dll
Registered in 0.014668 seconds.
Native extension for WindowsStandalone target not found
Native extension for WebGL target not found
Refreshing native plugins compatible for Editor in 102.97 ms, found 3 plugins.
Preloading 0 native plugins for Editor in 0.00 ms.
Mono: successfully reloaded assembly
- Completed reload, in  0.853 seconds
Domain Reload Profiling:
	ReloadAssembly (854ms)
		BeginReloadAssembly (100ms)
			ExecutionOrderSort (0ms)
			DisableScriptedObjects (0ms)
			BackupInstance (0ms)
			ReleaseScriptingObjects (0ms)
			CreateAndSetChildDomain (1ms)
		EndReloadAssembly (634ms)
			LoadAssemblies (97ms)
			RebuildTransferFunctionScriptingTraits (0ms)
			SetupTypeCache (150ms)
			ReleaseScriptCaches (0ms)
			RebuildScriptCaches (33ms)
			SetupLoadedEditorAssemblies (383ms)
				LogAssemblyErrors (0ms)
				InitializePlatformSupportModulesInManaged (23ms)
				SetLoadedEditorAssemblies (0ms)
				RefreshPlugins (103ms)
				BeforeProcessingInitializeOnLoad (2ms)
				ProcessInitializeOnLoadAttributes (196ms)
				ProcessInitializeOnLoadMethodAttributes (59ms)
				AfterProcessingInitializeOnLoad (0ms)
				EditorAssembliesLoaded (0ms)
			ExecutionOrderSort2 (0ms)
			AwakeInstancesAfterBackupRestoration (0ms)
Platform modules already initialized, skipping
Registering precompiled user dll's ...
Registered in 0.011423 seconds.
Begin MonoManager ReloadAssembly
Symbol file LoadedFromMemory doesn't match image C:\Users\nilss\Source\Repos\UmbrellaMan\UmbrellaMan\Library\PackageCache\com.unity.visualscripting@1.7.5\Editor\VisualScripting.Core\Dependencies\YamlDotNet\Unity.VisualScripting.YamlDotNet.dll
Symbol file LoadedFromMemory doesn't match image C:\Users\nilss\Source\Repos\UmbrellaMan\UmbrellaMan\Library\PackageCache\com.unity.visualscripting@1.7.5\Editor\VisualScripting.Core\Dependencies\DotNetZip\Unity.VisualScripting.IonicZip.dll
Native extension for WindowsStandalone target not found
Native extension for WebGL target not found
Refreshing native plugins compatible for Editor in 0.61 ms, found 3 plugins.
Preloading 0 native plugins for Editor in 0.00 ms.
Mono: successfully reloaded assembly
- Completed reload, in  1.783 seconds
Domain Reload Profiling:
	ReloadAssembly (1784ms)
		BeginReloadAssembly (232ms)
			ExecutionOrderSort (0ms)
			DisableScriptedObjects (6ms)
			BackupInstance (0ms)
			ReleaseScriptingObjects (0ms)
			CreateAndSetChildDomain (27ms)
		EndReloadAssembly (1372ms)
			LoadAssemblies (128ms)
			RebuildTransferFunctionScriptingTraits (0ms)
			SetupTypeCache (421ms)
			ReleaseScriptCaches (1ms)
			RebuildScriptCaches (71ms)
			SetupLoadedEditorAssemblies (598ms)
				LogAssemblyErrors (0ms)
				InitializePlatformSupportModulesInManaged (22ms)
				SetLoadedEditorAssemblies (1ms)
				RefreshPlugins (1ms)
				BeforeProcessingInitializeOnLoad (134ms)
				ProcessInitializeOnLoadAttributes (393ms)
				ProcessInitializeOnLoadMethodAttributes (31ms)
				AfterProcessingInitializeOnLoad (16ms)
				EditorAssembliesLoaded (0ms)
			ExecutionOrderSort2 (0ms)
			AwakeInstancesAfterBackupRestoration (15ms)
Platform modules already initialized, skipping
========================================================================
Worker process is ready to serve import requests
Launched and connected shader compiler UnityShaderCompiler.exe after 0.10 seconds
Refreshing native plugins compatible for Editor in 1.19 ms, found 3 plugins.
Preloading 0 native plugins for Editor in 0.00 ms.
Unloading 3212 Unused Serialized files (Serialized files now loaded: 0)
Unloading 26 unused Assets / (112.6 KB). Loaded Objects now: 3668.
Memory consumption went from 114.9 MB to 114.8 MB.
Total: 5.102500 ms (FindLiveObjects: 0.540400 ms CreateObjectMapping: 0.423200 ms MarkObjects: 3.922100 ms  DeleteObjects: 0.214200 ms)

AssetImportParameters requested are different than current active one (requested -> active):
  custom:video-decoder-ogg-theora: a1e56fd34408186e4bbccfd4996cb3dc -> 
  custom:container-muxer-webm: aa71ff27fc2769a1b78a27578f13a17b -> 
  custom:container-demuxer-webm: 4f35f7cbe854078d1ac9338744f61a02 -> 
  custom:video-encoder-webm-vp8: eb34c28f22e8b96e1ab97ce403110664 -> 
  custom:video-codec-MediaFoundation-h265: 746d11721c4dcdbdad8f713fa42b33f4 -> 
  custom:audio-encoder-webm-vorbis: bf7c407c2cedff20999df2af8eb42d56 -> 
  custom:framework-win-MediaFoundation: 216162199b28c13a410421893ffa2e32 -> 
  custom:container-demuxer-ogg: 62fdf1f143b41e24485cea50d1cbac27 -> 
  custom:video-decoder-webm-vp8: 9c59270c3fd7afecdb556c50c9e8de78 -> 
  custom:audio-decoder-ogg-vorbis: bf7c407c2cedff20999df2af8eb42d56 -> 
========================================================================
Received Import Request.
  Time since last request: 1226818.387051 seconds.
  path: Assets
  artifactKey: Guid(00000000000000001000000000000000) Importer(815301076,1909f56bfc062723c751e8b465ee728b)
Start importing Assets using Guid(00000000000000001000000000000000) Importer(815301076,1909f56bfc062723c751e8b465ee728b)  -> (artifact id: '79842766b460edbeab6a34051e857a80') in 0.008317 seconds 
========================================================================
Received Import Request.
  Time since last request: 1.644845 seconds.
  path: Assets/Assets
  artifactKey: Guid(bac75db28e6412e49b30cc01f6e25775) Importer(815301076,1909f56bfc062723c751e8b465ee728b)
Start importing Assets/Assets using Guid(bac75db28e6412e49b30cc01f6e25775) Importer(815301076,1909f56bfc062723c751e8b465ee728b)  -> (artifact id: '816493abee52af72ef0ab561a6227c75') in 0.002785 seconds 
========================================================================
Received Import Request.
  Time since last request: 205.847275 seconds.
  path: Assets/Assets/Models
  artifactKey: Guid(74c962827a24a794789dc125c3e5fce8) Importer(815301076,1909f56bfc062723c751e8b465ee728b)
Start importing Assets/Assets/Models using Guid(74c962827a24a794789dc125c3e5fce8) Importer(815301076,1909f56bfc062723c751e8b465ee728b)  -> (artifact id: 'c34f7c61cb5cca474401e3daa886927a') in 0.003391 seconds 
========================================================================
Received Import Request.
  Time since last request: 8.228801 seconds.
  path: Assets/Assets/Materials
  artifactKey: Guid(01d3635b1f0c0194c825fa5e8370653d) Importer(815301076,1909f56bfc062723c751e8b465ee728b)
Start importing Assets/Assets/Materials using Guid(01d3635b1f0c0194c825fa5e8370653d) Importer(815301076,1909f56bfc062723c751e8b465ee728b)  -> (artifact id: '713ba7b23fc32724725ae2a0430f077e') in 0.002597 seconds 
========================================================================
Received Import Request.
  Time since last request: 124.002908 seconds.
  path: Assets/Assets/Materials/colorpalette.png
  artifactKey: Guid(bf704e741eafd9941a301ebbd7e4b04e) Importer(815301076,1909f56bfc062723c751e8b465ee728b)
Start importing Assets/Assets/Materials/colorpalette.png using Guid(bf704e741eafd9941a301ebbd7e4b04e) Importer(815301076,1909f56bfc062723c751e8b465ee728b)  -> (artifact id: 'd907eafdc2ba0246de5d254350a8091c') in 0.166511 seconds 
========================================================================
Received Import Request.
  Time since last request: 68.272878 seconds.
  path: Assets/Assets/Models/protestorhead test-0.obj
  artifactKey: Guid(d47127b3dfcc06841885bc101955c4c0) Importer(815301076,1909f56bfc062723c751e8b465ee728b)
Start importing Assets/Assets/Models/protestorhead test-0.obj using Guid(d47127b3dfcc06841885bc101955c4c0) Importer(815301076,1909f56bfc062723c751e8b465ee728b)  -> (artifact id: '58d37f0096b88aeab4a43309c525c3af') in 0.553008 seconds 
========================================================================
Received Import Request.
  Time since last request: 0.000046 seconds.
  path: Assets/Assets/Models/protestorhead test-3.obj
  artifactKey: Guid(ca461e21282a41c49b3cc0c68da36941) Importer(815301076,1909f56bfc062723c751e8b465ee728b)
Start importing Assets/Assets/Models/protestorhead test-3.obj using Guid(ca461e21282a41c49b3cc0c68da36941) Importer(815301076,1909f56bfc062723c751e8b465ee728b)  -> (artifact id: '4b58e83a9ad602730a01f9e4fbc9aa48') in 0.047068 seconds 
========================================================================
Received Import Request.
  Time since last request: 0.000061 seconds.
  path: Assets/Assets/Models/protestorhead test-5.png
  artifactKey: Guid(9cc8c8fc31c0fef499fe765c5d4f0c15) Importer(815301076,1909f56bfc062723c751e8b465ee728b)
Start importing Assets/Assets/Models/protestorhead test-5.png using Guid(9cc8c8fc31c0fef499fe765c5d4f0c15) Importer(815301076,1909f56bfc062723c751e8b465ee728b)  -> (artifact id: '696fb301445c3840321b372611d479e4') in 0.013195 seconds 
========================================================================
Received Import Request.
  Time since last request: 0.000036 seconds.
  path: Assets/Assets/Models/protestorhead test-4.png
  artifactKey: Guid(ec20fa2dbf185014ab74288b8d6701f7) Importer(815301076,1909f56bfc062723c751e8b465ee728b)
Start importing Assets/Assets/Models/protestorhead test-4.png using Guid(ec20fa2dbf185014ab74288b8d6701f7) Importer(815301076,1909f56bfc062723c751e8b465ee728b)  -> (artifact id: 'c3e5b1a6b55df42f351822073055b18f') in 0.019641 seconds 
========================================================================
Received Import Request.
  Time since last request: 0.000041 seconds.
  path: Assets/Assets/Models/protestorhead test-2.obj
  artifactKey: Guid(d79f80e478eda874cafc1609ac26799f) Importer(815301076,1909f56bfc062723c751e8b465ee728b)
Start importing Assets/Assets/Models/protestorhead test-2.obj using Guid(d79f80e478eda874cafc1609ac26799f) Importer(815301076,1909f56bfc062723c751e8b465ee728b)  -> (artifact id: '5bd0754a3284f483913d0a3f0bde7516') in 0.043537 seconds 
========================================================================
Received Import Request.
  Time since last request: 0.000032 seconds.
  path: Assets/Assets/Models/protestorhead test-5.obj
  artifactKey: Guid(ab443b4a5c029184f8275a30b52da953) Importer(815301076,1909f56bfc062723c751e8b465ee728b)
Start importing Assets/Assets/Models/protestorhead test-5.obj using Guid(ab443b4a5c029184f8275a30b52da953) Importer(815301076,1909f56bfc062723c751e8b465ee728b)  -> (artifact id: '8ed3280ba6724affe973ec18292a46fb') in 0.037042 seconds 
========================================================================
Received Import Request.
  Time since last request: 0.000037 seconds.
  path: Assets/Assets/Models/protestorhead test-2.png
  artifactKey: Guid(179315a9f48541b4eaa8fe9e9e82669f) Importer(815301076,1909f56bfc062723c751e8b465ee728b)
Start importing Assets/Assets/Models/protestorhead test-2.png using Guid(179315a9f48541b4eaa8fe9e9e82669f) Importer(815301076,1909f56bfc062723c751e8b465ee728b)  -> (artifact id: '0846a2040618fa7600e80483b436a16c') in 0.009482 seconds 
========================================================================
Received Import Request.
  Time since last request: 0.000024 seconds.
  path: Assets/Assets/Models/protestorhead test-3.png
  artifactKey: Guid(57c49429f7ede9d4388f6394cb486793) Importer(815301076,1909f56bfc062723c751e8b465ee728b)
Start importing Assets/Assets/Models/protestorhead test-3.png using Guid(57c49429f7ede9d4388f6394cb486793) Importer(815301076,1909f56bfc062723c751e8b465ee728b)  -> (artifact id: '9c72077b088c68b3ce261d0ec8a8ac84') in 0.010681 seconds 
========================================================================
Received Import Request.
  Time since last request: 13.879161 seconds.
  path: Assets/Assets/Models/protestorhead test-0.mtl
  artifactKey: Guid(ff532ab2b6410ca499d1403a8ab34b3d) Importer(815301076,1909f56bfc062723c751e8b465ee728b)
Start importing Assets/Assets/Models/protestorhead test-0.mtl using Guid(ff532ab2b6410ca499d1403a8ab34b3d) Importer(815301076,1909f56bfc062723c751e8b465ee728b)  -> (artifact id: 'd9b9d844bb0987a8077da79420bc6abf') in 0.013167 seconds 
========================================================================
Received Import Request.
  Time since last request: 132.683016 seconds.
  path: Assets/Assets/Models/protestorhead test-1.mtl
  artifactKey: Guid(19bcaee9edfd0ef40a15b252ac043323) Importer(815301076,1909f56bfc062723c751e8b465ee728b)
Start importing Assets/Assets/Models/protestorhead test-1.mtl using Guid(19bcaee9edfd0ef40a15b252ac043323) Importer(815301076,1909f56bfc062723c751e8b465ee728b)  -> (artifact id: '7933e9da9c0b8b6191e6fbaf2e9fa819') in 0.003131 seconds 
========================================================================
Received Import Request.
  Time since last request: 49.049771 seconds.
  path: Assets/Assets/Materials/New Material.mat
  artifactKey: Guid(e901d0c14ce12cc45b70c6a04519e59a) Importer(815301076,1909f56bfc062723c751e8b465ee728b)
Start importing Assets/Assets/Materials/New Material.mat using Guid(e901d0c14ce12cc45b70c6a04519e59a) Importer(815301076,1909f56bfc062723c751e8b465ee728b)  -> (artifact id: '65863dd9b954c79cd19b81d95a5cd8f2') in 0.068605 seconds 
========================================================================
Received Import Request.
  Time since last request: 86.525891 seconds.
  path: Assets/Scenes
  artifactKey: Guid(6ea315d0fd7389c41b19996891e99ae3) Importer(815301076,1909f56bfc062723c751e8b465ee728b)
Start importing Assets/Scenes using Guid(6ea315d0fd7389c41b19996891e99ae3) Importer(815301076,1909f56bfc062723c751e8b465ee728b)  -> (artifact id: 'b8193726cff86800c54781cdc6d54904') in 0.002930 seconds 
========================================================================
Received Import Request.
  Time since last request: 19.845094 seconds.
  path: Assets/Assets/Models/protestorhead test-0.obj
  artifactKey: Guid(d47127b3dfcc06841885bc101955c4c0) Importer(815301076,1909f56bfc062723c751e8b465ee728b)
Start importing Assets/Assets/Models/protestorhead test-0.obj using Guid(d47127b3dfcc06841885bc101955c4c0) Importer(815301076,1909f56bfc062723c751e8b465ee728b)  -> (artifact id: '6df66e95528478fe3fd137948e142508') in 0.030672 seconds 
========================================================================
Received Import Request.
  Time since last request: 18.205609 seconds.
  path: Assets/Assets/Materials/Voxel material.mat
  artifactKey: Guid(e901d0c14ce12cc45b70c6a04519e59a) Importer(815301076,1909f56bfc062723c751e8b465ee728b)
Start importing Assets/Assets/Materials/Voxel material.mat using Guid(e901d0c14ce12cc45b70c6a04519e59a) Importer(815301076,1909f56bfc062723c751e8b465ee728b)  -> (artifact id: '6c6c9cc7e01a642b32060184d537029a') in 0.015455 seconds 
========================================================================
Received Import Request.
  Time since last request: 5.040434 seconds.
  path: Assets/Assets/Models/protestorhead test-0.obj
  artifactKey: Guid(d47127b3dfcc06841885bc101955c4c0) Importer(815301076,1909f56bfc062723c751e8b465ee728b)
Start importing Assets/Assets/Models/protestorhead test-0.obj using Guid(d47127b3dfcc06841885bc101955c4c0) Importer(815301076,1909f56bfc062723c751e8b465ee728b)  -> (artifact id: '343cbb439a425d6e0548bd41b3fc8eb3') in 0.021096 seconds 
========================================================================
Received Import Request.
  Time since last request: 11.969938 seconds.
  path: Assets/Assets/Models/protestorhead test-2.mtl
  artifactKey: Guid(ecac9312ba175ed42adc76689d5dca5b) Importer(815301076,1909f56bfc062723c751e8b465ee728b)
Start importing Assets/Assets/Models/protestorhead test-2.mtl using Guid(ecac9312ba175ed42adc76689d5dca5b) Importer(815301076,1909f56bfc062723c751e8b465ee728b)  -> (artifact id: '9a577bef11fbd31cf854b6f26525c0cc') in 0.002454 seconds 
========================================================================
Received Import Request.
  Time since last request: 13.855966 seconds.
  path: Assets/Assets/Models/protestorhead test-1.obj
  artifactKey: Guid(271082bb0f43e154481a34e90a46f259) Importer(815301076,1909f56bfc062723c751e8b465ee728b)
Start importing Assets/Assets/Models/protestorhead test-1.obj using Guid(271082bb0f43e154481a34e90a46f259) Importer(815301076,1909f56bfc062723c751e8b465ee728b)  -> (artifact id: '345f46410062a3a601b753c4f05523bf') in 0.021460 seconds 
========================================================================
Received Import Request.
  Time since last request: 19.673848 seconds.
  path: Assets/Assets/Models/protestorhead test-2.obj
  artifactKey: Guid(d79f80e478eda874cafc1609ac26799f) Importer(815301076,1909f56bfc062723c751e8b465ee728b)
Start importing Assets/Assets/Models/protestorhead test-2.obj using Guid(d79f80e478eda874cafc1609ac26799f) Importer(815301076,1909f56bfc062723c751e8b465ee728b)  -> (artifact id: 'afe1441abae6886c4c306ee15cb1b006') in 0.031232 seconds 
========================================================================
Received Import Request.
  Time since last request: 6.004261 seconds.
  path: Assets/Assets/Models/protestorhead test-3.obj
  artifactKey: Guid(ca461e21282a41c49b3cc0c68da36941) Importer(815301076,1909f56bfc062723c751e8b465ee728b)
Start importing Assets/Assets/Models/protestorhead test-3.obj using Guid(ca461e21282a41c49b3cc0c68da36941) Importer(815301076,1909f56bfc062723c751e8b465ee728b)  -> (artifact id: '9bb1fd729ddc32cc01e070d85c35679e') in 0.044701 seconds 
========================================================================
Received Import Request.
  Time since last request: 5.948280 seconds.
  path: Assets/Assets/Models/protestorhead test-4.obj
  artifactKey: Guid(8eba992add74e99488e8389d8b0b27ca) Importer(815301076,1909f56bfc062723c751e8b465ee728b)
Start importing Assets/Assets/Models/protestorhead test-4.obj using Guid(8eba992add74e99488e8389d8b0b27ca) Importer(815301076,1909f56bfc062723c751e8b465ee728b)  -> (artifact id: 'dc88d7625ada979db196e31ed48b0c60') in 0.032101 seconds 
========================================================================
Received Import Request.
  Time since last request: 5.472211 seconds.
  path: Assets/Assets/Models/protestorhead test-5.obj
  artifactKey: Guid(ab443b4a5c029184f8275a30b52da953) Importer(815301076,1909f56bfc062723c751e8b465ee728b)
Start importing Assets/Assets/Models/protestorhead test-5.obj using Guid(ab443b4a5c029184f8275a30b52da953) Importer(815301076,1909f56bfc062723c751e8b465ee728b)  -> (artifact id: 'bcae648ce193765d64fc78b38481713c') in 0.038489 seconds 
========================================================================
Received Import Request.
  Time since last request: 102.086666 seconds.
  path: Assets/Prefabs
  artifactKey: Guid(86db954f91685f64c841926d22c2779b) Importer(815301076,1909f56bfc062723c751e8b465ee728b)
Start importing Assets/Prefabs using Guid(86db954f91685f64c841926d22c2779b) Importer(815301076,1909f56bfc062723c751e8b465ee728b)  -> (artifact id: '11e109614bb900426616a07341d39751') in 0.003791 seconds 
========================================================================
Received Import Request.
  Time since last request: 3.350672 seconds.
  path: Assets/Prefabs/Player.prefab
  artifactKey: Guid(74d0eab53a6999a42b0a10f72707b261) Importer(815301076,1909f56bfc062723c751e8b465ee728b)
Start importing Assets/Prefabs/Player.prefab using Guid(74d0eab53a6999a42b0a10f72707b261) Importer(815301076,1909f56bfc062723c751e8b465ee728b)  -> (artifact id: '4ddc832e80bec32182b5108e95146127') in 0.026072 seconds 
========================================================================
Received Import Request.
  Time since last request: 1803.984800 seconds.
  path: Assets/Prefabs/Player.prefab
  artifactKey: Guid(74d0eab53a6999a42b0a10f72707b261) Importer(815301076,1909f56bfc062723c751e8b465ee728b)
Start importing Assets/Prefabs/Player.prefab using Guid(74d0eab53a6999a42b0a10f72707b261) Importer(815301076,1909f56bfc062723c751e8b465ee728b)  -> (artifact id: '74e982923eb907bbc53a9819329bb16a') in 0.018382 seconds 
========================================================================
Received Import Request.
  Time since last request: 1.964381 seconds.
  path: Assets/Prefabs/Player.prefab
  artifactKey: Guid(74d0eab53a6999a42b0a10f72707b261) Importer(815301076,1909f56bfc062723c751e8b465ee728b)
Start importing Assets/Prefabs/Player.prefab using Guid(74d0eab53a6999a42b0a10f72707b261) Importer(815301076,1909f56bfc062723c751e8b465ee728b)  -> (artifact id: 'cad935e6538e682cd8cf09f58a2b7a10') in 0.019479 seconds 
========================================================================
Received Import Request.
  Time since last request: 4.670383 seconds.
  path: Assets/Prefabs/Player.prefab
  artifactKey: Guid(74d0eab53a6999a42b0a10f72707b261) Importer(815301076,1909f56bfc062723c751e8b465ee728b)
Start importing Assets/Prefabs/Player.prefab using Guid(74d0eab53a6999a42b0a10f72707b261) Importer(815301076,1909f56bfc062723c751e8b465ee728b)  -> (artifact id: 'a47c0c5e9691e914212908fb246df39b') in 0.015156 seconds 
========================================================================
Received Import Request.
  Time since last request: 7.862154 seconds.
  path: Assets/Prefabs/Player.prefab
  artifactKey: Guid(74d0eab53a6999a42b0a10f72707b261) Importer(815301076,1909f56bfc062723c751e8b465ee728b)
Start importing Assets/Prefabs/Player.prefab using Guid(74d0eab53a6999a42b0a10f72707b261) Importer(815301076,1909f56bfc062723c751e8b465ee728b)  -> (artifact id: 'd39d66917e3baf787e4438ec6cace0c8') in 0.014729 seconds 
========================================================================
Received Import Request.
  Time since last request: 3.400071 seconds.
  path: Assets/Prefabs/Player.prefab
  artifactKey: Guid(74d0eab53a6999a42b0a10f72707b261) Importer(815301076,1909f56bfc062723c751e8b465ee728b)
Start importing Assets/Prefabs/Player.prefab using Guid(74d0eab53a6999a42b0a10f72707b261) Importer(815301076,1909f56bfc062723c751e8b465ee728b)  -> (artifact id: '43e33c5978d76523f03bec2a60f40f99') in 0.020091 seconds 
